<?xml version="1.0" encoding="UTF-8"?>
<!-- Generated by org.testng.reporters.JUnitReportReporter -->
<testsuite skipped="0" hostname="DESKTOP-ECO8HT0" name="apiproject_testcase.UserAndCommentRouteTest" tests="7" failures="0" timestamp="17 May 2019 03:03:01 GMT" time="7.581" errors="0">
  <testcase name="createAUser" time="2.037" classname="apiproject_testcase.UserAndCommentRouteTest"/>
  <testcase name="getAllUser" time="0.894" classname="apiproject_testcase.UserAndCommentRouteTest"/>
  <testcase name="updateAUser" time="0.863" classname="apiproject_testcase.UserAndCommentRouteTest"/>
  <testcase name="postAcommentToAUser" time="0.896" classname="apiproject_testcase.UserAndCommentRouteTest"/>
  <testcase name="updateACommentToAUser" time="0.933" classname="apiproject_testcase.UserAndCommentRouteTest"/>
  <testcase name="deleteAcommentToUser" time="0.880" classname="apiproject_testcase.UserAndCommentRouteTest"/>
  <testcase name="deleteAUser" time="1.078" classname="apiproject_testcase.UserAndCommentRouteTest"/>
</testsuite> <!-- apiproject_testcase.UserAndCommentRouteTest -->
